<?xml version="1.0" encoding="UTF-8"?>
<coverage generated="1772713167507" clover="3.2.0">
  <project timestamp="1772713167517" name="All files">
    <metrics statements="31" coveredstatements="31" conditionals="14" coveredconditionals="12" methods="13" coveredmethods="12" elements="58" coveredelements="55" complexity="0" loc="31" ncloc="31" packages="1" files="2" classes="2"/>
    <file name="cart.logic.js" path="E:\Sena_taller\edwin\carritoTesting\carritoTesting\js\cart.logic.js">
      <metrics statements="21" coveredstatements="21" conditionals="12" coveredconditionals="11" methods="10" coveredmethods="10"/>
      <line num="3" count="9" type="stmt"/>
      <line num="5" count="1" type="stmt"/>
      <line num="6" count="13" type="cond" truecount="2" falsecount="0"/>
      <line num="7" count="12" type="stmt"/>
      <line num="8" count="12" type="cond" truecount="2" falsecount="0"/>
      <line num="10" count="12" type="stmt"/>
      <line num="19" count="1" type="stmt"/>
      <line num="20" count="3" type="cond" truecount="2" falsecount="0"/>
      <line num="21" count="2" type="stmt"/>
      <line num="22" count="2" type="stmt"/>
      <line num="25" count="1" type="stmt"/>
      <line num="26" count="2" type="stmt"/>
      <line num="27" count="2" type="cond" truecount="1" falsecount="1"/>
      <line num="28" count="2" type="cond" truecount="4" falsecount="0"/>
      <line num="29" count="1" type="stmt"/>
      <line num="32" count="1" type="stmt"/>
      <line num="33" count="2" type="stmt"/>
      <line num="35" count="1" type="stmt"/>
      <line num="36" count="2" type="stmt"/>
      <line num="38" count="1" type="stmt"/>
      <line num="39" count="2" type="stmt"/>
    </file>
    <file name="storage.js" path="E:\Sena_taller\edwin\carritoTesting\carritoTesting\js\storage.js">
      <metrics statements="10" coveredstatements="10" conditionals="2" coveredconditionals="1" methods="3" coveredmethods="2"/>
      <line num="1" count="1" type="stmt"/>
      <line num="3" count="1" type="stmt"/>
      <line num="4" count="1" type="stmt"/>
      <line num="7" count="1" type="stmt"/>
      <line num="8" count="2" type="stmt"/>
      <line num="9" count="2" type="cond" truecount="1" falsecount="1"/>
      <line num="10" count="2" type="stmt"/>
      <line num="11" count="2" type="stmt"/>
      <line num="13" count="1" type="stmt"/>
      <line num="17" count="1" type="stmt"/>
    </file>
  </project>
</coverage>
