{"E:\\Sena_taller\\edwin\\carritoTesting\\carritoTesting\\js\\cart.logic.js": {"path":"E:\\Sena_taller\\edwin\\carritoTesting\\carritoTesting\\js\\cart.logic.js","statementMap":{"0":{"start":{"line":3,"column":26},"end":{"line":3,"column":47}},"1":{"start":{"line":3,"column":33},"end":{"line":3,"column":46}},"2":{"start":{"line":5,"column":25},"end":{"line":17,"column":1}},"3":{"start":{"line":6,"column":2},"end":{"line":6,"column":32}},"4":{"start":{"line":6,"column":20},"end":{"line":6,"column":32}},"5":{"start":{"line":7,"column":15},"end":{"line":7,"column":37}},"6":{"start":{"line":8,"column":18},"end":{"line":8,"column":38}},"7":{"start":{"line":10,"column":2},"end":{"line":16,"column":4}},"8":{"start":{"line":19,"column":30},"end":{"line":23,"column":1}},"9":{"start":{"line":20,"column":2},"end":{"line":20,"column":42}},"10":{"start":{"line":20,"column":30},"end":{"line":20,"column":42}},"11":{"start":{"line":21,"column":38},"end":{"line":21,"column":48}},"12":{"start":{"line":22,"column":2},"end":{"line":22,"column":34}},"13":{"start":{"line":25,"column":22},"end":{"line":30,"column":1}},"14":{"start":{"line":26,"column":15},"end":{"line":26,"column":36}},"15":{"start":{"line":27,"column":2},"end":{"line":27,"column":25}},"16":{"start":{"line":27,"column":13},"end":{"line":27,"column":25}},"17":{"start":{"line":28,"column":2},"end":{"line":28,"column":80}},"18":{"start":{"line":28,"column":41},"end":{"line":28,"column":80}},"19":{"start":{"line":29,"column":2},"end":{"line":29,"column":78}},"20":{"start":{"line":32,"column":29},"end":{"line":33,"column":78}},"21":{"start":{"line":33,"column":2},"end":{"line":33,"column":78}},"22":{"start":{"line":33,"column":41},"end":{"line":33,"column":76}},"23":{"start":{"line":35,"column":27},"end":{"line":36,"column":60}},"24":{"start":{"line":36,"column":2},"end":{"line":36,"column":60}},"25":{"start":{"line":36,"column":42},"end":{"line":36,"column":56}},"26":{"start":{"line":38,"column":29},"end":{"line":39,"column":64}},"27":{"start":{"line":39,"column":2},"end":{"line":39,"column":64}},"28":{"start":{"line":39,"column":48},"end":{"line":39,"column":60}}},"fnMap":{"0":{"name":"(anonymous_0)","decl":{"start":{"line":3,"column":26},"end":{"line":3,"column":27}},"loc":{"start":{"line":3,"column":33},"end":{"line":3,"column":46}},"line":3},"1":{"name":"(anonymous_1)","decl":{"start":{"line":5,"column":25},"end":{"line":5,"column":26}},"loc":{"start":{"line":5,"column":44},"end":{"line":17,"column":1}},"line":5},"2":{"name":"(anonymous_2)","decl":{"start":{"line":19,"column":30},"end":{"line":19,"column":31}},"loc":{"start":{"line":19,"column":51},"end":{"line":23,"column":1}},"line":19},"3":{"name":"(anonymous_3)","decl":{"start":{"line":25,"column":22},"end":{"line":25,"column":23}},"loc":{"start":{"line":25,"column":48},"end":{"line":30,"column":1}},"line":25},"4":{"name":"(anonymous_4)","decl":{"start":{"line":32,"column":29},"end":{"line":32,"column":30}},"loc":{"start":{"line":33,"column":2},"end":{"line":33,"column":78}},"line":33},"5":{"name":"(anonymous_5)","decl":{"start":{"line":33,"column":32},"end":{"line":33,"column":33}},"loc":{"start":{"line":33,"column":41},"end":{"line":33,"column":76}},"line":33},"6":{"name":"(anonymous_6)","decl":{"start":{"line":35,"column":27},"end":{"line":35,"column":28}},"loc":{"start":{"line":36,"column":2},"end":{"line":36,"column":60}},"line":36},"7":{"name":"(anonymous_7)","decl":{"start":{"line":36,"column":29},"end":{"line":36,"column":30}},"loc":{"start":{"line":36,"column":42},"end":{"line":36,"column":56}},"line":36},"8":{"name":"(anonymous_8)","decl":{"start":{"line":38,"column":29},"end":{"line":38,"column":30}},"loc":{"start":{"line":39,"column":2},"end":{"line":39,"column":64}},"line":39},"9":{"name":"(anonymous_9)","decl":{"start":{"line":39,"column":35},"end":{"line":39,"column":36}},"loc":{"start":{"line":39,"column":48},"end":{"line":39,"column":60}},"line":39}},"branchMap":{"0":{"loc":{"start":{"line":6,"column":2},"end":{"line":6,"column":32}},"type":"if","locations":[{"start":{"line":6,"column":2},"end":{"line":6,"column":32}},{"start":{},"end":{}}],"line":6},"1":{"loc":{"start":{"line":8,"column":19},"end":{"line":8,"column":33}},"type":"binary-expr","locations":[{"start":{"line":8,"column":19},"end":{"line":8,"column":28}},{"start":{"line":8,"column":32},"end":{"line":8,"column":33}}],"line":8},"2":{"loc":{"start":{"line":20,"column":2},"end":{"line":20,"column":42}},"type":"if","locations":[{"start":{"line":20,"column":2},"end":{"line":20,"column":42}},{"start":{},"end":{}}],"line":20},"3":{"loc":{"start":{"line":27,"column":2},"end":{"line":27,"column":25}},"type":"if","locations":[{"start":{"line":27,"column":2},"end":{"line":27,"column":25}},{"start":{},"end":{}}],"line":27},"4":{"loc":{"start":{"line":28,"column":2},"end":{"line":28,"column":80}},"type":"if","locations":[{"start":{"line":28,"column":2},"end":{"line":28,"column":80}},{"start":{},"end":{}}],"line":28},"5":{"loc":{"start":{"line":28,"column":6},"end":{"line":28,"column":39}},"type":"binary-expr","locations":[{"start":{"line":28,"column":6},"end":{"line":28,"column":28}},{"start":{"line":28,"column":32},"end":{"line":28,"column":39}}],"line":28}},"s":{"0":1,"1":9,"2":1,"3":13,"4":1,"5":12,"6":12,"7":12,"8":1,"9":3,"10":1,"11":2,"12":2,"13":1,"14":2,"15":2,"16":0,"17":2,"18":1,"19":1,"20":1,"21":1,"22":2,"23":1,"24":1,"25":2,"26":1,"27":1,"28":2},"f":{"0":9,"1":13,"2":3,"3":2,"4":1,"5":2,"6":1,"7":2,"8":1,"9":2},"b":{"0":[1,12],"1":[12,9],"2":[1,2],"3":[0,2],"4":[1,1],"5":[2,2]},"_coverageSchema":"1a1c01bbd47fc00a2c39e90264f33305004495a9","hash":"98a7a692ab2cea37cb552d9a6fbfc16518be9839"}
,"E:\\Sena_taller\\edwin\\carritoTesting\\carritoTesting\\js\\storage.js": {"path":"E:\\Sena_taller\\edwin\\carritoTesting\\carritoTesting\\js\\storage.js","statementMap":{"0":{"start":{"line":1,"column":12},"end":{"line":1,"column":21}},"1":{"start":{"line":3,"column":24},"end":{"line":5,"column":1}},"2":{"start":{"line":4,"column":2},"end":{"line":4,"column":45}},"3":{"start":{"line":7,"column":24},"end":{"line":15,"column":1}},"4":{"start":{"line":8,"column":14},"end":{"line":8,"column":34}},"5":{"start":{"line":9,"column":2},"end":{"line":9,"column":24}},"6":{"start":{"line":9,"column":12},"end":{"line":9,"column":24}},"7":{"start":{"line":10,"column":2},"end":{"line":14,"column":3}},"8":{"start":{"line":11,"column":4},"end":{"line":11,"column":27}},"9":{"start":{"line":13,"column":4},"end":{"line":13,"column":16}},"10":{"start":{"line":17,"column":25},"end":{"line":17,"column":61}},"11":{"start":{"line":17,"column":38},"end":{"line":17,"column":61}}},"fnMap":{"0":{"name":"(anonymous_0)","decl":{"start":{"line":3,"column":24},"end":{"line":3,"column":25}},"loc":{"start":{"line":3,"column":43},"end":{"line":5,"column":1}},"line":3},"1":{"name":"(anonymous_1)","decl":{"start":{"line":7,"column":24},"end":{"line":7,"column":25}},"loc":{"start":{"line":7,"column":37},"end":{"line":15,"column":1}},"line":7},"2":{"name":"(anonymous_2)","decl":{"start":{"line":17,"column":25},"end":{"line":17,"column":26}},"loc":{"start":{"line":17,"column":38},"end":{"line":17,"column":61}},"line":17}},"branchMap":{"0":{"loc":{"start":{"line":9,"column":2},"end":{"line":9,"column":24}},"type":"if","locations":[{"start":{"line":9,"column":2},"end":{"line":9,"column":24}},{"start":{},"end":{}}],"line":9}},"s":{"0":1,"1":1,"2":1,"3":1,"4":2,"5":2,"6":0,"7":2,"8":2,"9":1,"10":1,"11":0},"f":{"0":1,"1":2,"2":0},"b":{"0":[0,2]},"_coverageSchema":"1a1c01bbd47fc00a2c39e90264f33305004495a9","hash":"192c3f7e564990c978e29c7b0aa31312b157f47c"}
}
