TN:
SF:carritoTesting\js\cart.logic.js
FN:3,(anonymous_0)
FN:5,(anonymous_1)
FN:19,(anonymous_2)
FN:25,(anonymous_3)
FN:32,(anonymous_4)
FN:33,(anonymous_5)
FN:35,(anonymous_6)
FN:36,(anonymous_7)
FN:38,(anonymous_8)
FN:39,(anonymous_9)
FNF:10
FNH:10
FNDA:9,(anonymous_0)
FNDA:13,(anonymous_1)
FNDA:3,(anonymous_2)
FNDA:2,(anonymous_3)
FNDA:1,(anonymous_4)
FNDA:2,(anonymous_5)
FNDA:1,(anonymous_6)
FNDA:2,(anonymous_7)
FNDA:1,(anonymous_8)
FNDA:2,(anonymous_9)
DA:3,9
DA:5,1
DA:6,13
DA:7,12
DA:8,12
DA:10,12
DA:19,1
DA:20,3
DA:21,2
DA:22,2
DA:25,1
DA:26,2
DA:27,2
DA:28,2
DA:29,1
DA:32,1
DA:33,2
DA:35,1
DA:36,2
DA:38,1
DA:39,2
LF:21
LH:21
BRDA:6,0,0,1
BRDA:6,0,1,12
BRDA:8,1,0,12
BRDA:8,1,1,9
BRDA:20,2,0,1
BRDA:20,2,1,2
BRDA:27,3,0,0
BRDA:27,3,1,2
BRDA:28,4,0,1
BRDA:28,4,1,1
BRDA:28,5,0,2
BRDA:28,5,1,2
BRF:12
BRH:11
end_of_record
TN:
SF:carritoTesting\js\storage.js
FN:3,(anonymous_0)
FN:7,(anonymous_1)
FN:17,(anonymous_2)
FNF:3
FNH:2
FNDA:1,(anonymous_0)
FNDA:2,(anonymous_1)
FNDA:0,(anonymous_2)
DA:1,1
DA:3,1
DA:4,1
DA:7,1
DA:8,2
DA:9,2
DA:10,2
DA:11,2
DA:13,1
DA:17,1
LF:10
LH:10
BRDA:9,0,0,0
BRDA:9,0,1,2
BRF:2
BRH:1
end_of_record
